<?xml version="1.0" encoding="UTF-8"?>
<robot generator="Robot 4.1.2 (Python 3.9.1 on win32)" generated="20220204 19:17:16.197" rpa="false" schemaversion="2">
<suite id="s1" name="Login" source="C:\Users\007\PycharmProjects\test-qa-ascend-03\testcase\login.robot">
<kw name="Open browser login page" library="resource" type="SETUP">
<kw name="Open Browser" library="Selenium2Library">
<arg>${base_url}</arg>
<arg>${browser}</arg>
<doc>Opens a new browser instance to the optional ``url``.</doc>
<msg timestamp="20220204 19:17:16.373" level="INFO">Opening browser 'chrome' to base url 'http://the-internet.herokuapp.com/login'.</msg>
<status status="PASS" starttime="20220204 19:17:16.373" endtime="20220204 19:17:24.153"/>
</kw>
<kw name="Title Should Be" library="Selenium2Library">
<arg>The Internet</arg>
<doc>Verifies that the current page title equals ``title``.</doc>
<msg timestamp="20220204 19:17:24.159" level="INFO">Page title is 'The Internet'.</msg>
<status status="PASS" starttime="20220204 19:17:24.153" endtime="20220204 19:17:24.159"/>
</kw>
<status status="PASS" starttime="20220204 19:17:16.373" endtime="20220204 19:17:24.159"/>
</kw>
<test id="s1-t1" name="Scenatio: Login Success">
<kw name="Given Use go to login with" library="resource">
<arg>${Valid_User}</arg>
<arg>${Valid_Pass}</arg>
<kw name="Element Should Be Enabled" library="Selenium2Library">
<arg>name=username</arg>
<doc>Verifies that element identified by ``locator`` is enabled.</doc>
<status status="PASS" starttime="20220204 19:17:24.160" endtime="20220204 19:17:24.191"/>
</kw>
<kw name="Input Text" library="Selenium2Library">
<arg>name=username</arg>
<arg>${usename}</arg>
<doc>Types the given ``text`` into the text field identified by ``locator``.</doc>
<msg timestamp="20220204 19:17:24.191" level="INFO">Typing text 'tomsmith' into text field 'name=username'.</msg>
<status status="PASS" starttime="20220204 19:17:24.191" endtime="20220204 19:17:24.272"/>
</kw>
<kw name="Element Should Be Enabled" library="Selenium2Library">
<arg>name=password</arg>
<doc>Verifies that element identified by ``locator`` is enabled.</doc>
<status status="PASS" starttime="20220204 19:17:24.272" endtime="20220204 19:17:24.303"/>
</kw>
<kw name="Input Text" library="Selenium2Library">
<arg>name=password</arg>
<arg>${password}</arg>
<doc>Types the given ``text`` into the text field identified by ``locator``.</doc>
<msg timestamp="20220204 19:17:24.303" level="INFO">Typing text 'SuperSecretPassword!' into text field 'name=password'.</msg>
<status status="PASS" starttime="20220204 19:17:24.303" endtime="20220204 19:17:24.401"/>
</kw>
<status status="PASS" starttime="20220204 19:17:24.160" endtime="20220204 19:17:24.401"/>
</kw>
<kw name="When Click submit for login" library="resource">
<kw name="Click Element" library="Selenium2Library">
<arg>//*[@id="login"]/button</arg>
<doc>Click the element identified by ``locator``.</doc>
<msg timestamp="20220204 19:17:24.402" level="INFO">Clicking element '//*[@id="login"]/button'.</msg>
<status status="PASS" starttime="20220204 19:17:24.402" endtime="20220204 19:17:25.416"/>
</kw>
<status status="PASS" starttime="20220204 19:17:24.402" endtime="20220204 19:17:25.416"/>
</kw>
<kw name="Then Header should see result success page" library="resource">
<kw name="Element Text Should Be" library="Selenium2Library">
<arg>//*[@id="flash"]</arg>
<arg>You logged into a secure area!\n×</arg>
<doc>Verifies that element ``locator`` contains exact the text ``expected``.</doc>
<msg timestamp="20220204 19:17:25.417" level="INFO">Verifying element '//*[@id="flash"]' contains exact text 'You logged into a secure area!
×'.</msg>
<status status="PASS" starttime="20220204 19:17:25.417" endtime="20220204 19:17:25.443"/>
</kw>
<status status="PASS" starttime="20220204 19:17:25.417" endtime="20220204 19:17:25.443"/>
</kw>
<kw name="And Click button for logout" library="resource">
<kw name="Click Element" library="Selenium2Library">
<arg>xpath://html/body/div[2]/div/div/a/i</arg>
<doc>Click the element identified by ``locator``.</doc>
<msg timestamp="20220204 19:17:25.443" level="INFO">Clicking element 'xpath://html/body/div[2]/div/div/a/i'.</msg>
<status status="PASS" starttime="20220204 19:17:25.443" endtime="20220204 19:17:26.119"/>
</kw>
<status status="PASS" starttime="20220204 19:17:25.443" endtime="20220204 19:17:26.119"/>
</kw>
<kw name="And Header should see result logout page" library="resource">
<kw name="Element Text Should Be" library="Selenium2Library">
<arg>//*[@id="flash"]</arg>
<arg>You logged out of the secure area!\n×</arg>
<doc>Verifies that element ``locator`` contains exact the text ``expected``.</doc>
<msg timestamp="20220204 19:17:26.120" level="INFO">Verifying element '//*[@id="flash"]' contains exact text 'You logged out of the secure area!
×'.</msg>
<status status="PASS" starttime="20220204 19:17:26.120" endtime="20220204 19:17:26.146"/>
</kw>
<status status="PASS" starttime="20220204 19:17:26.120" endtime="20220204 19:17:26.146"/>
</kw>
<status status="PASS" starttime="20220204 19:17:24.159" endtime="20220204 19:17:26.146"/>
</test>
<test id="s1-t2" name="Scenatio: Login Fail Password Incorrect">
<kw name="Given Use go to login with" library="resource">
<arg>${Valid_User}</arg>
<arg>${Incorrect_Pass}</arg>
<kw name="Element Should Be Enabled" library="Selenium2Library">
<arg>name=username</arg>
<doc>Verifies that element identified by ``locator`` is enabled.</doc>
<status status="PASS" starttime="20220204 19:17:26.149" endtime="20220204 19:17:26.174"/>
</kw>
<kw name="Input Text" library="Selenium2Library">
<arg>name=username</arg>
<arg>${usename}</arg>
<doc>Types the given ``text`` into the text field identified by ``locator``.</doc>
<msg timestamp="20220204 19:17:26.174" level="INFO">Typing text 'tomsmith' into text field 'name=username'.</msg>
<status status="PASS" starttime="20220204 19:17:26.174" endtime="20220204 19:17:26.251"/>
</kw>
<kw name="Element Should Be Enabled" library="Selenium2Library">
<arg>name=password</arg>
<doc>Verifies that element identified by ``locator`` is enabled.</doc>
<status status="PASS" starttime="20220204 19:17:26.251" endtime="20220204 19:17:26.273"/>
</kw>
<kw name="Input Text" library="Selenium2Library">
<arg>name=password</arg>
<arg>${password}</arg>
<doc>Types the given ``text`` into the text field identified by ``locator``.</doc>
<msg timestamp="20220204 19:17:26.273" level="INFO">Typing text 'Password!' into text field 'name=password'.</msg>
<status status="PASS" starttime="20220204 19:17:26.273" endtime="20220204 19:17:26.355"/>
</kw>
<status status="PASS" starttime="20220204 19:17:26.149" endtime="20220204 19:17:26.356"/>
</kw>
<kw name="When Click submit for login" library="resource">
<kw name="Click Element" library="Selenium2Library">
<arg>//*[@id="login"]/button</arg>
<doc>Click the element identified by ``locator``.</doc>
<msg timestamp="20220204 19:17:26.356" level="INFO">Clicking element '//*[@id="login"]/button'.</msg>
<status status="PASS" starttime="20220204 19:17:26.356" endtime="20220204 19:17:27.047"/>
</kw>
<status status="PASS" starttime="20220204 19:17:26.356" endtime="20220204 19:17:27.047"/>
</kw>
<kw name="Then Header should see result error page" library="resource">
<arg>${Valid_User}</arg>
<kw name="Run Keyword And Ignore Error" library="BuiltIn">
<var>${PASS}</var>
<arg>Should Be Equal</arg>
<arg>${usename}</arg>
<arg>${Valid_User}</arg>
<doc>Runs the given keyword with the given arguments and ignores possible error.</doc>
<kw name="Should Be Equal" library="BuiltIn">
<arg>${usename}</arg>
<arg>${Valid_User}</arg>
<doc>Fails if the given objects are unequal.</doc>
<status status="PASS" starttime="20220204 19:17:27.048" endtime="20220204 19:17:27.049"/>
</kw>
<msg timestamp="20220204 19:17:27.049" level="INFO">${PASS} = ('PASS', None)</msg>
<status status="PASS" starttime="20220204 19:17:27.048" endtime="20220204 19:17:27.049"/>
</kw>
<kw name="Run Keyword If" library="BuiltIn">
<arg>${PASS}=="TRUE"</arg>
<arg>element text should be</arg>
<arg>//*[@id="flash"]</arg>
<arg>Your password is invalid!\n×</arg>
<doc>Runs the given keyword with the given arguments, if ``condition`` is true.</doc>
<status status="PASS" starttime="20220204 19:17:27.049" endtime="20220204 19:17:27.049"/>
</kw>
<kw name="Run Keyword If" library="BuiltIn">
<arg>${PASS}=="FAIL"</arg>
<arg>element text should be</arg>
<arg>//*[@id="flash"]</arg>
<arg>Your username is invalid!\n×</arg>
<doc>Runs the given keyword with the given arguments, if ``condition`` is true.</doc>
<status status="PASS" starttime="20220204 19:17:27.049" endtime="20220204 19:17:27.049"/>
</kw>
<status status="PASS" starttime="20220204 19:17:27.048" endtime="20220204 19:17:27.050"/>
</kw>
<status status="PASS" starttime="20220204 19:17:26.148" endtime="20220204 19:17:27.050"/>
</test>
<test id="s1-t3" name="Scenatio: Login Fail Username Incorrect">
<kw name="Given Use go to login with" library="resource">
<arg>${Incorrect_User}</arg>
<arg>${Incorrect_Pass}</arg>
<kw name="Element Should Be Enabled" library="Selenium2Library">
<arg>name=username</arg>
<doc>Verifies that element identified by ``locator`` is enabled.</doc>
<status status="PASS" starttime="20220204 19:17:27.053" endtime="20220204 19:17:27.078"/>
</kw>
<kw name="Input Text" library="Selenium2Library">
<arg>name=username</arg>
<arg>${usename}</arg>
<doc>Types the given ``text`` into the text field identified by ``locator``.</doc>
<msg timestamp="20220204 19:17:27.078" level="INFO">Typing text 'tomholland' into text field 'name=username'.</msg>
<status status="PASS" starttime="20220204 19:17:27.078" endtime="20220204 19:17:27.161"/>
</kw>
<kw name="Element Should Be Enabled" library="Selenium2Library">
<arg>name=password</arg>
<doc>Verifies that element identified by ``locator`` is enabled.</doc>
<status status="PASS" starttime="20220204 19:17:27.161" endtime="20220204 19:17:27.184"/>
</kw>
<kw name="Input Text" library="Selenium2Library">
<arg>name=password</arg>
<arg>${password}</arg>
<doc>Types the given ``text`` into the text field identified by ``locator``.</doc>
<msg timestamp="20220204 19:17:27.184" level="INFO">Typing text 'Password!' into text field 'name=password'.</msg>
<status status="PASS" starttime="20220204 19:17:27.184" endtime="20220204 19:17:27.264"/>
</kw>
<status status="PASS" starttime="20220204 19:17:27.052" endtime="20220204 19:17:27.264"/>
</kw>
<kw name="When Click submit for login" library="resource">
<kw name="Click Element" library="Selenium2Library">
<arg>//*[@id="login"]/button</arg>
<doc>Click the element identified by ``locator``.</doc>
<msg timestamp="20220204 19:17:27.265" level="INFO">Clicking element '//*[@id="login"]/button'.</msg>
<status status="PASS" starttime="20220204 19:17:27.265" endtime="20220204 19:17:27.963"/>
</kw>
<status status="PASS" starttime="20220204 19:17:27.264" endtime="20220204 19:17:27.964"/>
</kw>
<kw name="Then Header should see result error page" library="resource">
<arg>${Incorrect_User}</arg>
<kw name="Run Keyword And Ignore Error" library="BuiltIn">
<var>${PASS}</var>
<arg>Should Be Equal</arg>
<arg>${usename}</arg>
<arg>${Valid_User}</arg>
<doc>Runs the given keyword with the given arguments and ignores possible error.</doc>
<kw name="Should Be Equal" library="BuiltIn">
<arg>${usename}</arg>
<arg>${Valid_User}</arg>
<doc>Fails if the given objects are unequal.</doc>
<msg timestamp="20220204 19:17:27.965" level="FAIL">tomholland != tomsmith</msg>
<status status="FAIL" starttime="20220204 19:17:27.965" endtime="20220204 19:17:27.965"/>
</kw>
<msg timestamp="20220204 19:17:27.966" level="INFO">${PASS} = ('FAIL', 'tomholland != tomsmith')</msg>
<status status="PASS" starttime="20220204 19:17:27.964" endtime="20220204 19:17:27.966"/>
</kw>
<kw name="Run Keyword If" library="BuiltIn">
<arg>${PASS}=="TRUE"</arg>
<arg>element text should be</arg>
<arg>//*[@id="flash"]</arg>
<arg>Your password is invalid!\n×</arg>
<doc>Runs the given keyword with the given arguments, if ``condition`` is true.</doc>
<status status="PASS" starttime="20220204 19:17:27.966" endtime="20220204 19:17:27.966"/>
</kw>
<kw name="Run Keyword If" library="BuiltIn">
<arg>${PASS}=="FAIL"</arg>
<arg>element text should be</arg>
<arg>//*[@id="flash"]</arg>
<arg>Your username is invalid!\n×</arg>
<doc>Runs the given keyword with the given arguments, if ``condition`` is true.</doc>
<status status="PASS" starttime="20220204 19:17:27.966" endtime="20220204 19:17:27.966"/>
</kw>
<status status="PASS" starttime="20220204 19:17:27.964" endtime="20220204 19:17:27.966"/>
</kw>
<status status="PASS" starttime="20220204 19:17:27.052" endtime="20220204 19:17:27.967"/>
</test>
<kw name="Close Browser" library="Selenium2Library" type="TEARDOWN">
<doc>Closes the current browser.</doc>
<status status="PASS" starttime="20220204 19:17:27.969" endtime="20220204 19:17:30.118"/>
</kw>
<status status="PASS" starttime="20220204 19:17:16.197" endtime="20220204 19:17:30.118"/>
</suite>
<statistics>
<total>
<stat pass="3" fail="0" skip="0">All Tests</stat>
</total>
<tag>
</tag>
<suite>
<stat pass="3" fail="0" skip="0" id="s1" name="Login">Login</stat>
</suite>
</statistics>
<errors>
</errors>
</robot>
