<?xml version="1.0" encoding="UTF-8"?>
<robot generator="Robot 4.1.2 (Python 3.9.1 on win32)" generated="20220203 23:16:10.084" rpa="false" schemaversion="2">
<suite id="s1" name="Loginsuccess" source="C:\Users\007\PycharmProjects\test-qa-ascend-03\loginsuccess.robot">
<kw name="Open browser login page" library="resource" type="SETUP">
<kw name="Open Browser" library="Selenium2Library">
<arg>${base_url}</arg>
<arg>${browser}</arg>
<doc>Opens a new browser instance to the optional ``url``.</doc>
<msg timestamp="20220203 23:16:10.258" level="INFO">Opening browser 'chrome' to base url 'http://the-internet.herokuapp.com/login'.</msg>
<status status="PASS" starttime="20220203 23:16:10.258" endtime="20220203 23:16:16.845"/>
</kw>
<kw name="Title Should Be" library="Selenium2Library">
<arg>The Internet</arg>
<doc>Verifies that the current page title equals ``title``.</doc>
<msg timestamp="20220203 23:16:16.854" level="INFO">Page title is 'The Internet'.</msg>
<status status="PASS" starttime="20220203 23:16:16.846" endtime="20220203 23:16:16.854"/>
</kw>
<status status="PASS" starttime="20220203 23:16:10.258" endtime="20220203 23:16:16.854"/>
</kw>
<test id="s1-t1" name="Login Success">
<kw name="Valid username" library="resource">
<kw name="Type in username" library="resource">
<arg>${Valid_User}</arg>
<kw name="Element Should Be Enabled" library="Selenium2Library">
<arg>name=username</arg>
<doc>Verifies that element identified by ``locator`` is enabled.</doc>
<status status="PASS" starttime="20220203 23:16:16.857" endtime="20220203 23:16:16.893"/>
</kw>
<kw name="Input Text" library="Selenium2Library">
<arg>name=username</arg>
<arg>${usename}</arg>
<doc>Types the given ``text`` into the text field identified by ``locator``.</doc>
<msg timestamp="20220203 23:16:16.893" level="INFO">Typing text 'tomsmith' into text field 'name=username'.</msg>
<status status="PASS" starttime="20220203 23:16:16.893" endtime="20220203 23:16:16.974"/>
</kw>
<status status="PASS" starttime="20220203 23:16:16.856" endtime="20220203 23:16:16.974"/>
</kw>
<status status="PASS" starttime="20220203 23:16:16.856" endtime="20220203 23:16:16.974"/>
</kw>
<kw name="Valid password" library="resource">
<kw name="Type in password" library="resource">
<arg>${Valid_Pass}</arg>
<kw name="Element Should Be Enabled" library="Selenium2Library">
<arg>name=password</arg>
<doc>Verifies that element identified by ``locator`` is enabled.</doc>
<status status="PASS" starttime="20220203 23:16:16.975" endtime="20220203 23:16:17.007"/>
</kw>
<kw name="Input Text" library="Selenium2Library">
<arg>name=password</arg>
<arg>${password}</arg>
<doc>Types the given ``text`` into the text field identified by ``locator``.</doc>
<msg timestamp="20220203 23:16:17.008" level="INFO">Typing text 'SuperSecretPassword!' into text field 'name=password'.</msg>
<status status="PASS" starttime="20220203 23:16:17.007" endtime="20220203 23:16:17.105"/>
</kw>
<status status="PASS" starttime="20220203 23:16:16.975" endtime="20220203 23:16:17.105"/>
</kw>
<status status="PASS" starttime="20220203 23:16:16.974" endtime="20220203 23:16:17.106"/>
</kw>
<kw name="Submit Login" library="resource">
<kw name="Click Element" library="Selenium2Library">
<arg>//*[@id="login"]/button</arg>
<doc>Click the element identified by ``locator``.</doc>
<msg timestamp="20220203 23:16:17.107" level="INFO">Clicking element '//*[@id="login"]/button'.</msg>
<status status="PASS" starttime="20220203 23:16:17.106" endtime="20220203 23:16:18.098"/>
</kw>
<status status="PASS" starttime="20220203 23:16:17.106" endtime="20220203 23:16:18.098"/>
</kw>
<kw name="Success page" library="resource">
<kw name="Element Text Should Be" library="Selenium2Library">
<arg>//*[@id="content"]/div/h2</arg>
<arg>Secure Area</arg>
<doc>Verifies that element ``locator`` contains exact the text ``expected``.</doc>
<msg timestamp="20220203 23:16:18.101" level="INFO">Verifying element '//*[@id="content"]/div/h2' contains exact text 'Secure Area'.</msg>
<status status="PASS" starttime="20220203 23:16:18.101" endtime="20220203 23:16:18.127"/>
</kw>
<status status="PASS" starttime="20220203 23:16:18.099" endtime="20220203 23:16:18.128"/>
</kw>
<status status="PASS" starttime="20220203 23:16:16.855" endtime="20220203 23:16:18.128"/>
</test>
<kw name="Close Browser" library="Selenium2Library" type="TEARDOWN">
<doc>Closes the current browser.</doc>
<status status="PASS" starttime="20220203 23:16:18.130" endtime="20220203 23:16:20.276"/>
</kw>
<status status="PASS" starttime="20220203 23:16:10.085" endtime="20220203 23:16:20.277"/>
</suite>
<statistics>
<total>
<stat pass="1" fail="0" skip="0">All Tests</stat>
</total>
<tag>
</tag>
<suite>
<stat pass="1" fail="0" skip="0" id="s1" name="Loginsuccess">Loginsuccess</stat>
</suite>
</statistics>
<errors>
</errors>
</robot>
